<?xml version="1.0" encoding="UTF-8" ?>
<testsuite tests="2" failures="0" name="com.developerbhuwan.usermanagement.UserEndpointsPactProviderContractTest" time="1.158" errors="0" skipped="0">
  <properties>
[...]
</properties>
  <testcase classname="com.developerbhuwan.usermanagement.UserEndpointsPactProviderContractTest" name="billing-service - a request to get all billing users" time="1.125"/>
  <testcase classname="com.developerbhuwan.usermanagement.UserEndpointsPactProviderContractTest" name="user-frontend - a request for get all users" time="0.033"/>
</testsuite>